Welcome to KMM!
Deinstalling 'B9Aerospace'...
Restoring file 'D:\SteamLibrary\SteamApps\common\Kerbal Space Program\GameData\CrossFeedEnabler\Plugins\CrossFeedEnabler.dll'.
Restoring file 'D:\SteamLibrary\SteamApps\common\Kerbal Space Program\GameData\JSI\RasterPropMonitor\RasterPropMonitor.version'.
Restoring file 'D:\SteamLibrary\SteamApps\common\Kerbal Space Program\GameData\JSI\RasterPropMonitor\Plugins\BundledVariableHandlers.cfg'.
Restoring file 'D:\SteamLibrary\SteamApps\common\Kerbal Space Program\GameData\JSI\RasterPropMonitor\Plugins\invisible-pods-handling.cfg'.
Restoring file 'D:\SteamLibrary\SteamApps\common\Kerbal Space Program\GameData\JSI\RasterPropMonitor\Plugins\MechJebRPM.dll'.
Restoring file 'D:\SteamLibrary\SteamApps\common\Kerbal Space Program\GameData\JSI\RasterPropMonitor\Plugins\RasterPropMonitor.dll'.
Restoring file 'D:\SteamLibrary\SteamApps\common\Kerbal Space Program\GameData\JSI\RasterPropMonitor\Plugins\reduce-iva-cpu-usage.cfg'.
Restoring file 'D:\SteamLibrary\SteamApps\common\Kerbal Space Program\GameData\Firespitter\Plugins\Firespitter.dll'.
Installing 'B9Aerospace.zip'...
Overriding file '\GameData\B9_Aerospace\RPM\Patches\b9-m27-cockpit-patch.cfg'.
Overriding file '\GameData\B9_Aerospace\RPM\Patches\b9-m27-remade-internal.cfg'.
Overriding file '\GameData\B9_Aerospace\RPM\Patches\b9-mk2-cockpit-patch.cfg'.
Overriding file '\GameData\B9_Aerospace\RPM\Patches\b9-mk2-remade-internal.cfg'.
Overriding file '\GameData\B9_Aerospace\RPM\Patches\b9-s2-cockpit-patch.cfg'.
Overriding file '\GameData\B9_Aerospace\RPM\Patches\b9-s2-remade-internal.cfg'.
Overriding file '\GameData\CrossFeedEnabler\Plugins\CrossFeedEnabler.dll'.
Overriding file '\GameData\Firespitter\Plugins\Firespitter.dll'.
Overriding file '\GameData\JSI\Agencies\Agents.cfg'.
Overriding file '\GameData\JSI\Agencies\JSI.png'.
Overriding file '\GameData\JSI\Agencies\JSI_scaled.truecolor'.
Overriding file '\GameData\JSI\RasterPropMonitor\RasterPropMonitor.version'.
Overriding file '\GameData\JSI\RasterPropMonitor\Library\Components\HUD\heading.png'.
Overriding file '\GameData\JSI\RasterPropMonitor\Library\Components\HUD\hud-overlay.png'.
Overriding file '\GameData\JSI\RasterPropMonitor\Library\Components\HUD\ladder.png'.
Overriding file '\GameData\JSI\RasterPropMonitor\Library\Components\HUD\leftscale.png'.
Overriding file '\GameData\JSI\RasterPropMonitor\Library\Components\HUD\model.mu'.
Overriding file '\GameData\JSI\RasterPropMonitor\Library\Components\HUD\planeHUDdiffuse.png'.
Overriding file '\GameData\JSI\RasterPropMonitor\Library\Components\HUD\rightscale.png'.
Overriding file '\GameData\JSI\RasterPropMonitor\Library\Components\HUD\screen.png'.
Overriding file '\GameData\JSI\RasterPropMonitor\Library\Components\MFD40x20v2\MFD40x15v2-Diffuse.png'.
Overriding file '\GameData\JSI\RasterPropMonitor\Library\Components\MFD40x20v2\MFD40x15v2-Emissive.png'.
Overriding file '\GameData\JSI\RasterPropMonitor\Library\Components\MFD40x20v2\model.mu'.
Overriding file '\GameData\JSI\RasterPropMonitor\Library\Components\MFD40x20v2\screen-emissive.png'.
Overriding file '\GameData\JSI\RasterPropMonitor\Library\Components\MFD40x20v2\screen.png'.
Overriding file '\GameData\JSI\RasterPropMonitor\Library\Components\NavBall\HDG.png'.
Overriding file '\GameData\JSI\RasterPropMonitor\Library\Components\NavBall\NavBall.mu'.
Overriding file '\GameData\JSI\RasterPropMonitor\Library\Components\NavBall\NavBall000.png'.
Overriding file '\GameData\JSI\RasterPropMonitor\Library\Components\NavBall\StaticMask.png'.
Overriding file '\GameData\JSI\RasterPropMonitor\Library\Fonts\baseFont.png'.
Overriding file '\GameData\JSI\RasterPropMonitor\Library\Fonts\extraFont1.png'.
Overriding file '\GameData\JSI\RasterPropMonitor\Library\Fonts\fontDefinition.txt'.
Overriding file '\GameData\JSI\RasterPropMonitor\Library\Fonts\hudfont.png'.
Overriding file '\GameData\JSI\RasterPropMonitor\Library\Parts\ExternalCameraPart\external-camera.cfg'.
Overriding file '\GameData\JSI\RasterPropMonitor\Library\Parts\ExternalCameraPart\model000.png'.
Overriding file '\GameData\JSI\RasterPropMonitor\Library\Props\CockpitHandle\eva-hatch.cfg'.
Overriding file '\GameData\JSI\RasterPropMonitor\Library\Props\CockpitHandle\OpenHandle.mu'.
Overriding file '\GameData\JSI\RasterPropMonitor\Library\Props\CockpitHandle\OpenHandleDiffuse.png'.
Overriding file '\GameData\JSI\RasterPropMonitor\Library\Props\IndicatorPanelReplacement\model000.png'.
Overriding file '\GameData\JSI\RasterPropMonitor\Library\Props\IndicatorPanelReplacement\model001.png'.
Overriding file '\GameData\JSI\RasterPropMonitor\Library\Props\IndicatorPanelReplacement\prop.cfg'.
Overriding file '\GameData\JSI\RasterPropMonitor\Library\Props\InternalAirlock\eva-hatch-with-model.cfg'.
Overriding file '\GameData\JSI\RasterPropMonitor\Library\Props\InternalAirlock\InternalAirLock.mu'.
Overriding file '\GameData\JSI\RasterPropMonitor\Library\Props\InternalAirlock\InternalAirLockDiffuse.png'.
Overriding file '\GameData\JSI\RasterPropMonitor\Library\Props\InternalFlagPlate\FlagPlate.mu'.
Overriding file '\GameData\JSI\RasterPropMonitor\Library\Props\InternalFlagPlate\FlagPlate000.png'.
Overriding file '\GameData\JSI\RasterPropMonitor\Library\Props\InternalFlagPlate\prop.cfg'.
Overriding file '\GameData\JSI\RasterPropMonitor\Library\Props\InternalHatch\CubeCollider.mu'.
Overriding file '\GameData\JSI\RasterPropMonitor\Library\Props\InternalHatch\eva-hatch.cfg'.
Overriding file '\GameData\JSI\RasterPropMonitor\Library\Props\SimpleProps\ActionGroupLabelledButtons.cfg'.
Overriding file '\GameData\JSI\RasterPropMonitor\Library\Props\SimpleProps\Blinkenlichten.cfg'.
Overriding file '\GameData\JSI\RasterPropMonitor\Library\Props\SimpleProps\JSISwitchable.cfg'.
Overriding file '\GameData\JSI\RasterPropMonitor\Library\Props\SimpleProps\SquareButtons.cfg'.
Overriding file '\GameData\JSI\RasterPropMonitor\Library\Props\SimpleProps\TrimmerKnobs.cfg'.
Overriding file '\GameData\JSI\RasterPropMonitor\Library\Sounds\buttonbeep.ogg'.
Overriding file '\GameData\JSI\RasterPropMonitor\Library\Textures\bg01.png'.
Overriding file '\GameData\JSI\RasterPropMonitor\Library\Textures\graphgrid.png'.
Overriding file '\GameData\JSI\RasterPropMonitor\Library\Textures\noscansat.png'.
Overriding file '\GameData\JSI\RasterPropMonitor\Library\Textures\nosignal.png'.
Overriding file '\GameData\JSI\RasterPropMonitor\Library\Textures\scalebar.png'.
Overriding file '\GameData\JSI\RasterPropMonitor\Library\Textures\scaleLabels.png'.
Overriding file '\GameData\JSI\RasterPropMonitor\Plugins\BundledVariableHandlers.cfg'.
Overriding file '\GameData\JSI\RasterPropMonitor\Plugins\invisible-pods-handling.cfg'.
Overriding file '\GameData\JSI\RasterPropMonitor\Plugins\MechJebRPM.dll'.
Overriding file '\GameData\JSI\RasterPropMonitor\Plugins\RasterPropMonitor.dll'.
Overriding file '\GameData\JSI\RasterPropMonitor\Plugins\reduce-iva-cpu-usage.cfg'.
Overriding file '\GameData\JSI\RasterPropMonitor\ThirdPartySupport\hullcam-models-as-external-cameras.cfg'.
Overriding file '\GameData\JSI\RPMPodPatches\0.16-0.17-upgrade-patch.cfg'.
Overriding file '\GameData\JSI\RPMPodPatches\BasicMFD\graphset.cfg'.
Overriding file '\GameData\JSI\RPMPodPatches\BasicMFD\MFD40x20.cfg'.
Overriding file '\GameData\JSI\RPMPodPatches\BasicMFD\p0_home40x20.txt'.
Overriding file '\GameData\JSI\RPMPodPatches\BasicMFD\p0_test.txt'.
Overriding file '\GameData\JSI\RPMPodPatches\BasicMFD\p1_landing40x20.txt'.
Overriding file '\GameData\JSI\RPMPodPatches\BasicMFD\p2_orbit40x20.txt'.
Overriding file '\GameData\JSI\RPMPodPatches\BasicMFD\p2_orbit_graphical.txt'.
Overriding file '\GameData\JSI\RPMPodPatches\BasicMFD\p3_target40x20.txt'.
Overriding file '\GameData\JSI\RPMPodPatches\BasicMFD\p4_shipinfo40x20.txt'.
Overriding file '\GameData\JSI\RPMPodPatches\BasicMFD\p5_crew40x20.txt'.
Overriding file '\GameData\JSI\RPMPodPatches\BasicMFD\p6_resources40x20.txt'.
Overriding file '\GameData\JSI\RPMPodPatches\BasicMFD\pa_HUDPFD.txt'.
Overriding file '\GameData\JSI\RPMPodPatches\BasicMFD\pa_PFD.txt'.
Overriding file '\GameData\JSI\RPMPodPatches\BasicMFD\pb_graphs.txt'.
Overriding file '\GameData\JSI\RPMPodPatches\BasicMFD\PlaneHUD.cfg'.
Overriding file '\GameData\JSI\RPMPodPatches\PatchesMod\kp0110-pod-patch.cfg'.
Overriding file '\GameData\JSI\RPMPodPatches\PatchesMod\kp0110-remade-internal.cfg'.
Overriding file '\GameData\JSI\RPMPodPatches\PatchesMod\orbital-orb-patch.cfg'.
Overriding file '\GameData\JSI\RPMPodPatches\PatchesMod\orbital-orb-remade-internal.cfg'.
Overriding file '\GameData\JSI\RPMPodPatches\PatchesStock\crew-cabin-patch.cfg'.
Overriding file '\GameData\JSI\RPMPodPatches\PatchesStock\cupola-patch.cfg'.
Overriding file '\GameData\JSI\RPMPodPatches\PatchesStock\cupola-remade-internal.cfg'.
Overriding file '\GameData\JSI\RPMPodPatches\PatchesStock\generic3-cockpit-patch.cfg'.
Overriding file '\GameData\JSI\RPMPodPatches\PatchesStock\mk1-patch.cfg'.
Overriding file '\GameData\JSI\RPMPodPatches\PatchesStock\mk1-remade-internal.cfg'.
Overriding file '\GameData\JSI\RPMPodPatches\PatchesStock\mk12pod-patch.cfg'.
Overriding file '\GameData\JSI\RPMPodPatches\PatchesStock\mk12pod-remade-internal.cfg'.
Overriding file '\GameData\JSI\RPMPodPatches\PatchesStock\mk1cockpit-patch.cfg'.
Overriding file '\GameData\JSI\RPMPodPatches\PatchesStock\mk1cockpit-remade-internal.cfg'.
Overriding file '\GameData\JSI\RPMPodPatches\PatchesStock\mk1lander-remade-internal.cfg'.
Overriding file '\GameData\JSI\RPMPodPatches\PatchesStock\mk1landercan-patch.cfg'.
Overriding file '\GameData\JSI\RPMPodPatches\PatchesStock\mk2-sh-cockpit-remade-internal.cfg'.
Overriding file '\GameData\JSI\RPMPodPatches\PatchesStock\mk2-stock-cockpit-patch.cfg'.
Overriding file '\GameData\JSI\RPMPodPatches\PatchesStock\mk2landercan-patch.cfg'.
Overriding file '\GameData\JSI\RPMPodPatches\PatchesStock\mk2landercan-remade-internal.cfg'.
Deinstalling 'Overrides\ModuleManager'...
Deinstalling 'ModuleManager-2.3.4'...
Restoring file 'D:\SteamLibrary\SteamApps\common\Kerbal Space Program\GameData\ModuleManager.2.3.5.dll'.
Installing 'ModuleManager-2.3.4.zip'...
Overriding file '\GameData\ModuleManager.2.3.5.dll'.
Overriding file '\GameData\ModuleManager.2.4.4.dll'.
Installing 'Overrides\ModuleManager.zip'...